#
# There is insufficient memory for the Java Runtime Environment to continue.
# Native memory allocation (mmap) failed to map 117440512 bytes for Failed to commit area from 0x0000000090a00000 to 0x0000000097a00000 of length 117440512.
# Possible reasons:
#   The system is out of physical RAM or swap space
#   The process is running with CompressedOops enabled, and the Java Heap may be blocking the growth of the native heap
# Possible solutions:
#   Reduce memory load on the system
#   Increase physical memory or swap space
#   Check if swap backing store is full
#   Decrease Java heap size (-Xmx/-Xms)
#   Decrease number of Java threads
#   Decrease Java thread stack sizes (-Xss)
#   Set larger code cache with -XX:ReservedCodeCacheSize=
#   JVM is running with Unscaled Compressed Oops mode in which the Java heap is
#     placed in the first 4GB address space. The Java Heap base address is the
#     maximum limit for the native heap growth. Please use -XX:HeapBaseMinAddress
#     to set the Java Heap base and to place the Java Heap above 4GB virtual address.
# This output file may be truncated or incomplete.
#
#  Out of Memory Error (./open/src/hotspot/os/windows/os_windows.cpp:3315), pid=26272, tid=36228
#
# JRE version:  (14.0.2+12) (build )
# Java VM: OpenJDK 64-Bit Server VM (14.0.2+12-46, mixed mode, sharing, tiered, compressed oops, g1 gc, windows-amd64)
# No core dump will be written. Minidumps are not enabled by default on client versions of Windows
#

---------------  S U M M A R Y ------------

Command Line: -Dfile.encoding=UTF-8 -XX:+ShowCodeDetailsInExceptionMessages de.htw.battleship.BattleshipApplication

Host: AMD Ryzen 5 2500U with Radeon Vega Mobile Gfx  , 8 cores, 6G,  Windows 10 , 64 bit Build 18362 (10.0.18362.1110)
Time: Thu Jan  7 11:06:21 2021 Mitteleuropäische Zeit elapsed time: 0 seconds (0d 0h 0m 0s)

---------------  T H R E A D  ---------------

Current thread (0x000002a1e1c41800):  JavaThread "Unknown thread" [_thread_in_vm, id=36228, stack(0x000000cb6d700000,0x000000cb6d800000)]

Stack: [0x000000cb6d700000,0x000000cb6d800000]
Native frames: (J=compiled Java code, j=interpreted, Vv=VM code, C=native code)
V  [jvm.dll+0x5f8a9a]
V  [jvm.dll+0x74247a]
V  [jvm.dll+0x743c2f]
V  [jvm.dll+0x744273]
V  [jvm.dll+0x20d288]
V  [jvm.dll+0x5f5dea]
V  [jvm.dll+0x5eac45]
V  [jvm.dll+0x2c7e9c]
V  [jvm.dll+0x2c7cd2]
V  [jvm.dll+0x2cdbbc]
V  [jvm.dll+0x313fe8]
V  [jvm.dll+0x313710]
V  [jvm.dll+0x2a092a]
V  [jvm.dll+0x2a1a79]
V  [jvm.dll+0x71fd48]
V  [jvm.dll+0x321c14]
V  [jvm.dll+0x70112c]
V  [jvm.dll+0x392def]
V  [jvm.dll+0x394e61]
C  [jli.dll+0x524b]
C  [ucrtbase.dll+0x210b2]
C  [KERNEL32.DLL+0x17c24]
C  [ntdll.dll+0x6d4d1]


---------------  P R O C E S S  ---------------

Threads class SMR info:
_java_thread_list=0x00007ff81c093038, length=0, elements={
}

Java Threads: ( => current thread )

Other Threads:
  0x000002a1e1c80800 GCTaskThread "GC Thread#0" [stack: 0x000000cb6d800000,0x000000cb6d900000] [id=19920]
  0x000002a1e1cad800 ConcurrentGCThread "G1 Main Marker" [stack: 0x000000cb6d900000,0x000000cb6da00000] [id=23024]
  0x000002a1e1cb0000 ConcurrentGCThread "G1 Conc#0" [stack: 0x000000cb6da00000,0x000000cb6db00000] [id=36812]

[error occurred during error reporting (printing all threads), id 0xc0000005, EXCEPTION_ACCESS_VIOLATION (0xc0000005) at pc=0x00007ff81b8c1257]

VM state:not at safepoint (not fully initialized)

VM Mutex/Monitor currently owned by a thread:  ([mutex/lock_event])
[0x000002a1e1c3c390] Heap_lock - owner thread: 0x000002a1e1c41800

Heap address: 0x0000000090a00000, size: 1782 MB, Compressed Oops mode: 32-bit
Narrow klass base: 0x0000000000000000, Narrow klass shift: 0

GC Heap History (0 events):
No events

Deoptimization events (0 events):
No events

Classes unloaded (0 events):
No events

Classes redefined (0 events):
No events

Internal exceptions (0 events):
No events

Events (2 events):
Event: 0.019 Loaded shared library C:\Users\tarek\AppData\Local\Temp\eoiEFE0.tmp\plugins\org.eclipse.justj.openjdk.hotspot.jre.minimal.stripped.win32.x86_64_14.0.2.v20200815-0932\jre\bin\java.dll
Event: 0.020 Loaded shared library C:\Users\tarek\AppData\Local\Temp\eoiEFE0.tmp\plugins\org.eclipse.justj.openjdk.hotspot.jre.minimal.stripped.win32.x86_64_14.0.2.v20200815-0932\jre\bin\zip.dll


Dynamic libraries:
0x00007ff70c350000 - 0x00007ff70c35d000 	C:\Users\tarek\AppData\Local\Temp\eoiEFE0.tmp\plugins\org.eclipse.justj.openjdk.hotspot.jre.minimal.stripped.win32.x86_64_14.0.2.v20200815-0932\jre\bin\javaw.exe
0x00007ff84f5e0000 - 0x00007ff84f7d0000 	C:\WINDOWS\SYSTEM32\ntdll.dll
0x00007ff84dba0000 - 0x00007ff84dc52000 	C:\WINDOWS\System32\KERNEL32.DLL
0x00007ff84d2a0000 - 0x00007ff84d545000 	C:\WINDOWS\System32\KERNELBASE.dll
0x00007ff84c840000 - 0x00007ff84c93a000 	C:\WINDOWS\System32\ucrtbase.dll
0x00007ff833120000 - 0x00007ff833138000 	C:\Users\tarek\AppData\Local\Temp\eoiEFE0.tmp\plugins\org.eclipse.justj.openjdk.hotspot.jre.minimal.stripped.win32.x86_64_14.0.2.v20200815-0932\jre\bin\jli.dll
0x00007ff832eb0000 - 0x00007ff832ec5000 	C:\Users\tarek\AppData\Local\Temp\eoiEFE0.tmp\plugins\org.eclipse.justj.openjdk.hotspot.jre.minimal.stripped.win32.x86_64_14.0.2.v20200815-0932\jre\bin\VCRUNTIME140.dll
0x00007ff84e190000 - 0x00007ff84e324000 	C:\WINDOWS\System32\USER32.dll
0x00007ff84d550000 - 0x00007ff84d571000 	C:\WINDOWS\System32\win32u.dll
0x00007ff84d690000 - 0x00007ff84d6b6000 	C:\WINDOWS\System32\GDI32.dll
0x00007ff83e530000 - 0x00007ff83e7b4000 	C:\WINDOWS\WinSxS\amd64_microsoft.windows.common-controls_6595b64144ccf1df_6.0.18362.1256_none_9e7e379be45e40e2\COMCTL32.dll
0x00007ff84c970000 - 0x00007ff84cb06000 	C:\WINDOWS\System32\gdi32full.dll
0x00007ff84eb80000 - 0x00007ff84ec1e000 	C:\WINDOWS\System32\msvcrt.dll
0x00007ff84c570000 - 0x00007ff84c60e000 	C:\WINDOWS\System32\msvcp_win.dll
0x00007ff84e820000 - 0x00007ff84eb56000 	C:\WINDOWS\System32\combase.dll
0x00007ff84dc60000 - 0x00007ff84dd80000 	C:\WINDOWS\System32\RPCRT4.dll
0x00007ff84c610000 - 0x00007ff84c691000 	C:\WINDOWS\System32\bcryptPrimitives.dll
0x00007ff84ddf0000 - 0x00007ff84de1e000 	C:\WINDOWS\System32\IMM32.DLL
0x00007ff82d3d0000 - 0x00007ff82d46b000 	C:\Users\tarek\AppData\Local\Temp\eoiEFE0.tmp\plugins\org.eclipse.justj.openjdk.hotspot.jre.minimal.stripped.win32.x86_64_14.0.2.v20200815-0932\jre\bin\msvcp140.dll
0x00007ff81b610000 - 0x00007ff81c12e000 	C:\Users\tarek\AppData\Local\Temp\eoiEFE0.tmp\plugins\org.eclipse.justj.openjdk.hotspot.jre.minimal.stripped.win32.x86_64_14.0.2.v20200815-0932\jre\bin\server\jvm.dll
0x00007ff84d720000 - 0x00007ff84d7c3000 	C:\WINDOWS\System32\ADVAPI32.dll
0x00007ff84e0f0000 - 0x00007ff84e187000 	C:\WINDOWS\System32\sechost.dll
0x00007ff84d8a0000 - 0x00007ff84d8a8000 	C:\WINDOWS\System32\PSAPI.DLL
0x00007ff848c90000 - 0x00007ff848c99000 	C:\WINDOWS\SYSTEM32\WSOCK32.dll
0x00007ff848bc0000 - 0x00007ff848be4000 	C:\WINDOWS\SYSTEM32\WINMM.dll
0x00007ff844860000 - 0x00007ff84486a000 	C:\WINDOWS\SYSTEM32\VERSION.dll
0x00007ff84dd80000 - 0x00007ff84ddef000 	C:\WINDOWS\System32\WS2_32.dll
0x00007ff848b90000 - 0x00007ff848bbd000 	C:\WINDOWS\SYSTEM32\WINMMBASE.dll
0x00007ff84c6a0000 - 0x00007ff84c6ea000 	C:\WINDOWS\System32\cfgmgr32.dll
0x00007ff84c4e0000 - 0x00007ff84c4f1000 	C:\WINDOWS\System32\kernel.appcore.dll
0x00007ff83be30000 - 0x00007ff83be3a000 	C:\Users\tarek\AppData\Local\Temp\eoiEFE0.tmp\plugins\org.eclipse.justj.openjdk.hotspot.jre.minimal.stripped.win32.x86_64_14.0.2.v20200815-0932\jre\bin\jimage.dll
0x00007ff84ae40000 - 0x00007ff84b034000 	C:\WINDOWS\SYSTEM32\DBGHELP.DLL
0x00007ff83c850000 - 0x00007ff83c87a000 	C:\WINDOWS\SYSTEM32\dbgcore.DLL
0x00007ff832680000 - 0x00007ff8326a5000 	C:\Users\tarek\AppData\Local\Temp\eoiEFE0.tmp\plugins\org.eclipse.justj.openjdk.hotspot.jre.minimal.stripped.win32.x86_64_14.0.2.v20200815-0932\jre\bin\java.dll
0x00007ff832660000 - 0x00007ff832676000 	C:\Users\tarek\AppData\Local\Temp\eoiEFE0.tmp\plugins\org.eclipse.justj.openjdk.hotspot.jre.minimal.stripped.win32.x86_64_14.0.2.v20200815-0932\jre\bin\zip.dll

dbghelp: loaded successfully - version: 4.0.5 - missing functions: none
symbol engine: initialized successfully - sym options: 0x614 - pdb path: .;C:\Users\tarek\AppData\Local\Temp\eoiEFE0.tmp\plugins\org.eclipse.justj.openjdk.hotspot.jre.minimal.stripped.win32.x86_64_14.0.2.v20200815-0932\jre\bin;C:\WINDOWS\SYSTEM32;C:\WINDOWS\WinSxS\amd64_microsoft.windows.common-controls_6595b64144ccf1df_6.0.18362.1256_none_9e7e379be45e40e2;C:\Users\tarek\AppData\Local\Temp\eoiEFE0.tmp\plugins\org.eclipse.justj.openjdk.hotspot.jre.minimal.stripped.win32.x86_64_14.0.2.v20200815-0932\jre\bin\server

VM Arguments:
jvm_args: -Dfile.encoding=UTF-8 -XX:+ShowCodeDetailsInExceptionMessages 
java_command: de.htw.battleship.BattleshipApplication
java_class_path (initial): C:\Users\tarek\git\battleship_wise2020-RameMadah\bin
Launcher Type: SUN_STANDARD

[Global flags]
     intx CICompilerCount                          = 4                                         {product} {ergonomic}
     uint ConcGCThreads                            = 2                                         {product} {ergonomic}
     uint G1ConcRefinementThreads                  = 8                                         {product} {ergonomic}
   size_t G1HeapRegionSize                         = 1048576                                   {product} {ergonomic}
    uintx GCDrainStackTargetSize                   = 64                                        {product} {ergonomic}
   size_t InitialHeapSize                          = 117440512                                 {product} {ergonomic}
   size_t MarkStackSize                            = 4194304                                   {product} {ergonomic}
   size_t MaxHeapSize                              = 1868562432                                {product} {ergonomic}
   size_t MinHeapDeltaBytes                        = 1048576                                   {product} {ergonomic}
   size_t MinHeapSize                              = 8388608                                   {product} {ergonomic}
    uintx NonNMethodCodeHeapSize                   = 5839372                                {pd product} {ergonomic}
    uintx NonProfiledCodeHeapSize                  = 122909434                              {pd product} {ergonomic}
    uintx ProfiledCodeHeapSize                     = 122909434                              {pd product} {ergonomic}
    uintx ReservedCodeCacheSize                    = 251658240                              {pd product} {ergonomic}
     bool SegmentedCodeCache                       = true                                      {product} {ergonomic}
     bool ShowCodeDetailsInExceptionMessages       = true                                   {manageable} {command line}
   size_t SoftMaxHeapSize                          = 1868562432                             {manageable} {ergonomic}
     bool UseCompressedClassPointers               = true                                 {lp64_product} {ergonomic}
     bool UseCompressedOops                        = true                                 {lp64_product} {ergonomic}
     bool UseG1GC                                  = true                                      {product} {ergonomic}
     bool UseLargePagesIndividualAllocation        = false                                  {pd product} {ergonomic}

Logging:
Log output configuration:
 #0: stdout all=warning uptime,level,tags
 #1: stderr all=off uptime,level,tags

Environment Variables:
PATH=C:/Program Files/Java/jdk-15.0.1/bin/server;C:/Program Files/Java/jdk-15.0.1/bin;C:\WINDOWS\system32;C:\WINDOWS;C:\WINDOWS\System32\Wbem;C:\WINDOWS\System32\WindowsPowerShell\v1.0\;C:\WINDOWS\System32\OpenSSH\;C:\Program Files\Java\jdk-15.0.1\bin;C:\Ruby27-x64\bin;C:\Users\tarek\AppData\Local\Microsoft\WindowsApps;C:\Users\tarek\AppData\Local\atom\bin;C:\Users\tarek\Desktop;
USERNAME=tarek
OS=Windows_NT
PROCESSOR_IDENTIFIER=AMD64 Family 23 Model 17 Stepping 0, AuthenticAMD



---------------  S Y S T E M  ---------------

OS: Windows 10 , 64 bit Build 18362 (10.0.18362.1110)
OS uptime: 5 days 21:54 hours

CPU:total 8 (initial active 8) (8 cores per cpu, 2 threads per core) family 23 model 17 stepping 0, cmov, cx8, fxsr, mmx, sse, sse2, sse3, ssse3, sse4.1, sse4.2, popcnt, avx, avx2, aes, clmul, mmxext, 3dnowpref, lzcnt, sse4a, ht, tsc, tscinvbit, tscinv, bmi1, bmi2, adx, sha, fma

Memory: 4k page, system-wide physical 7124M (1245M free)
TotalPageFile size 28628M (AvailPageFile size 40M)
current process WorkingSet (physical memory assigned to process): 10M, peak: 10M
current process commit charge ("private bytes"): 60M, peak: 172M

vm_info: OpenJDK 64-Bit Server VM (14.0.2+12-46) for windows-amd64 JRE (14.0.2+12-46), built on Jul  9 2020 00:31:16 by "mach5one" with MS VC++ 15.9 (VS2017)

END.
